Loading the ModusToolbox Technology Packs and Early Access Packs
Finished loading the ModusToolbox Technology Packs and Early Access Packs (12 ms)
Loading the tools information
Finished loading the tools information (148 ms)
Loading the manifest data
Loading super manfiest files from all sources
Getting manifests from remote and/or local sources
Processing system manifest 'https://modustoolbox.infineon.com/manifests/mtb-super-manifest/v2.X/mtb-super-manifest-fv2.xml'
Downloading super manifest file 'https://modustoolbox.infineon.com/manifests/mtb-super-manifest/v2.X/mtb-super-manifest-fv2.xml'
Finished loading super manifest files from all sources
Finished download of file 'https://modustoolbox.infineon.com/manifests/mtb-super-manifest/v2.X/mtb-super-manifest-fv2.xml'
Starting to parse super manifest with URL 'https://modustoolbox.infineon.com/manifests/mtb-super-manifest/v2.X/mtb-super-manifest-fv2.xml'
Finished parsing super manifest with URL 'https://modustoolbox.infineon.com/manifests/mtb-super-manifest/v2.X/mtb-super-manifest-fv2.xml'
Downloading manifest file 'https://github.com/Infineon/mtb-ce-manifest/raw/v2.X/mtb-ce-manifest.xml'
Downloading manifest file 'https://github.com/Infineon/mtb-ce-manifest/raw/v2.X/mtb-ce-manifest-fv2.xml'
Downloading manifest file 'https://github.com/Infineon/mtb-bt-app-manifest/raw/v2.X/mtb-bt-app-manifest.xml'
Downloading manifest file 'https://github.com/Infineon/mtb-bt-app-manifest/raw/v2.X/mtb-bt-app-manifest-fv2.xml'
Downloading manifest file 'https://github.com/Infineon/cce-app-manifest/raw/v2.X/cce-app-manifest-fv2.xml'
Downloading manifest file 'https://github.com/CyberonEBU/cyberon-mtb-ce-manifest/raw/main/cyberon-mtb-ce-manifest-fv2.xml'
Downloading manifest file 'https://github.com/golioth/mtb-golioth-ce-manifest/raw/main/mtb-golioth-ce-manifest-fv2.xml'
Downloading manifest file 'https://github.com/memfault/mtb-memfault-ce-manifest/raw/main/mtb-memfault-ce-manifest-fv2.xml'
Downloading manifest file 'https://github.com/RutronikSystemSolutions/rutronik-ce-manifest/raw/main/rutronik-ce-manifest-fv2.xml'
Downloading manifest file 'https://github.com/sensiml/sensiml-ce-manifest/raw/main/sensiml-ce-manifest-fv2.xml'
Downloading manifest file 'https://github.com/Infineon/mtb-bsp-manifest/raw/v2.X/mtb-bsp-manifest.xml'
Downloading manifest file 'https://github.com/Infineon/mtb-bsp-manifest/raw/v2.X/mtb-bsp-capabilities-manifest.json'
Downloading manifest file 'https://github.com/Infineon/mtb-bsp-manifest/raw/v2.X/mtb-bsp-manifest-fv2.xml'
Downloading manifest file 'https://github.com/Infineon/mtb-bsp-manifest/raw/v2.X/mtb-bsp-dependencies-manifest.xml'
Downloading manifest file 'https://github.com/Infineon/mtb-bt-bsp-manifest/raw/v2.X/mtb-bt-bsp-manifest.xml'
Downloading manifest file 'https://github.com/Infineon/mtb-bt-bsp-manifest/raw/v2.X/mtb-bt-bsp-manifest-fv2.xml'
Downloading manifest file 'https://github.com/Infineon/mtb-bt-bsp-manifest/raw/v2.X/mtb-bt-bsp-dependencies-manifest.xml'
Downloading manifest file 'https://github.com/RutronikSystemSolutions/rutronik-bsp-manifest/raw/main/rutronik-bsp-manifest-fv2.xml'
Downloading manifest file 'https://github.com/RutronikSystemSolutions/rutronik-bsp-manifest/raw/main/rutronik-bsp-dependencies-manifest.xml'
Downloading manifest file 'https://github.com/Infineon/mtb-mw-manifest/raw/v2.X/mtb-mw-manifest.xml'
Downloading manifest file 'https://github.com/Infineon/mtb-mw-manifest/raw/v2.X/mtb-mw-manifest-fv2.xml'
Downloading manifest file 'https://github.com/Infineon/mtb-mw-manifest/raw/v2.X/mtb-mw-dependencies-manifest.xml'
Downloading manifest file 'https://github.com/Infineon/mtb-bt-mw-manifest/raw/v2.X/mtb-bt-mw-manifest.xml'
Downloading manifest file 'https://github.com/Infineon/mtb-bt-mw-manifest/raw/v2.X/mtb-bt-mw-manifest-fv2.xml'
Downloading manifest file 'https://github.com/Infineon/mtb-bt-mw-manifest/raw/v2.X/mtb-bt-mw-dependencies-manifest.xml'
Downloading manifest file 'https://github.com/Infineon/mtb-wifi-mw-manifest/raw/v2.X/mtb-wifi-mw-manifest.xml'
Downloading manifest file 'https://github.com/Infineon/mtb-wifi-mw-manifest/raw/v2.X/mtb-wifi-mw-manifest-fv2.xml'
Downloading manifest file 'https://github.com/Infineon/mtb-wifi-mw-manifest/raw/v2.X/mtb-wifi-mw-dependencies-manifest.xml'
Downloading manifest file 'https://github.com/CyberonEBU/cyberon-mtb-mw-manifest/raw/main/cyberon-mtb-mw-manifest-fv2.xml'
Downloading manifest file 'https://github.com/golioth/mtb-golioth-mw-manifest/raw/main/mtb-golioth-mw-manifest-fv2.xml'
Downloading manifest file 'https://github.com/memfault/mtb-memfault-mw-manifest/raw/main/mtb-memfault-mw-manifest-fv2.xml'
Downloading manifest file 'https://github.com/sensiml/sensiml-mw-manifest/raw/main/sensiml-mw-manifest-fv2.xml'
Finished download of file 'https://github.com/Infineon/mtb-ce-manifest/raw/v2.X/mtb-ce-manifest.xml'
Finished download of file 'https://github.com/Infineon/mtb-ce-manifest/raw/v2.X/mtb-ce-manifest-fv2.xml'
Finished download of file 'https://github.com/Infineon/mtb-bt-app-manifest/raw/v2.X/mtb-bt-app-manifest.xml'
Finished download of file 'https://github.com/Infineon/mtb-bt-app-manifest/raw/v2.X/mtb-bt-app-manifest-fv2.xml'
Finished download of file 'https://github.com/Infineon/cce-app-manifest/raw/v2.X/cce-app-manifest-fv2.xml'
Finished download of file 'https://github.com/CyberonEBU/cyberon-mtb-ce-manifest/raw/main/cyberon-mtb-ce-manifest-fv2.xml'
Finished download of file 'https://github.com/golioth/mtb-golioth-ce-manifest/raw/main/mtb-golioth-ce-manifest-fv2.xml'
Finished download of file 'https://github.com/memfault/mtb-memfault-ce-manifest/raw/main/mtb-memfault-ce-manifest-fv2.xml'
Finished download of file 'https://github.com/RutronikSystemSolutions/rutronik-ce-manifest/raw/main/rutronik-ce-manifest-fv2.xml'
Finished download of file 'https://github.com/sensiml/sensiml-ce-manifest/raw/main/sensiml-ce-manifest-fv2.xml'
Finished download of file 'https://github.com/Infineon/mtb-bsp-manifest/raw/v2.X/mtb-bsp-manifest.xml'
Finished download of file 'https://github.com/Infineon/mtb-bsp-manifest/raw/v2.X/mtb-bsp-capabilities-manifest.json'
Finished download of file 'https://github.com/Infineon/mtb-bsp-manifest/raw/v2.X/mtb-bsp-manifest-fv2.xml'
Finished download of file 'https://github.com/Infineon/mtb-bsp-manifest/raw/v2.X/mtb-bsp-dependencies-manifest.xml'
Finished download of file 'https://github.com/Infineon/mtb-bt-bsp-manifest/raw/v2.X/mtb-bt-bsp-manifest.xml'
Finished download of file 'https://github.com/Infineon/mtb-bt-bsp-manifest/raw/v2.X/mtb-bt-bsp-manifest-fv2.xml'
Finished download of file 'https://github.com/Infineon/mtb-bt-bsp-manifest/raw/v2.X/mtb-bt-bsp-dependencies-manifest.xml'
Finished download of file 'https://github.com/RutronikSystemSolutions/rutronik-bsp-manifest/raw/main/rutronik-bsp-manifest-fv2.xml'
Finished download of file 'https://github.com/RutronikSystemSolutions/rutronik-bsp-manifest/raw/main/rutronik-bsp-dependencies-manifest.xml'
Finished download of file 'https://github.com/Infineon/mtb-mw-manifest/raw/v2.X/mtb-mw-manifest.xml'
Finished download of file 'https://github.com/Infineon/mtb-mw-manifest/raw/v2.X/mtb-mw-manifest-fv2.xml'
Finished download of file 'https://github.com/Infineon/mtb-mw-manifest/raw/v2.X/mtb-mw-dependencies-manifest.xml'
Finished download of file 'https://github.com/Infineon/mtb-bt-mw-manifest/raw/v2.X/mtb-bt-mw-manifest.xml'
Finished download of file 'https://github.com/Infineon/mtb-bt-mw-manifest/raw/v2.X/mtb-bt-mw-manifest-fv2.xml'
Finished download of file 'https://github.com/Infineon/mtb-bt-mw-manifest/raw/v2.X/mtb-bt-mw-dependencies-manifest.xml'
Finished download of file 'https://github.com/Infineon/mtb-wifi-mw-manifest/raw/v2.X/mtb-wifi-mw-manifest.xml'
Finished download of file 'https://github.com/Infineon/mtb-wifi-mw-manifest/raw/v2.X/mtb-wifi-mw-manifest-fv2.xml'
Finished download of file 'https://github.com/Infineon/mtb-wifi-mw-manifest/raw/v2.X/mtb-wifi-mw-dependencies-manifest.xml'
Finished download of file 'https://github.com/CyberonEBU/cyberon-mtb-mw-manifest/raw/main/cyberon-mtb-mw-manifest-fv2.xml'
Finished download of file 'https://github.com/golioth/mtb-golioth-mw-manifest/raw/main/mtb-golioth-mw-manifest-fv2.xml'
Finished download of file 'https://github.com/memfault/mtb-memfault-mw-manifest/raw/main/mtb-memfault-mw-manifest-fv2.xml'
Finished download of file 'https://github.com/sensiml/sensiml-mw-manifest/raw/main/sensiml-mw-manifest-fv2.xml'
Finished loading the manifest data (7313 ms)
Loading the device db
Finished loading the device db (10705 ms)
0 error(s), 0 warning(s)

Summary: 

BSP: CY8CKIT-062S2-43012
Template Application(s): Cyberon_Voice_Trigger_And_Command_Demo_on_CM4
Application(s) Root Path: C:/Users/bahariridwan/mtw

Press "Create" to create the selected application(s).

Collecting application data...

Info: The following entered on the command line will create the exact same project as that created with the GUI tool:
C:/Users/bahariridwan/ModusToolbox/tools_3.1/project-creator/project-creator-cli.exe --board-id CY8CKIT-062S2-43012 --board-uri https://github.com/cypresssemiconductorco/TARGET_CY8CKIT-062S2-43012 --board-commit latest-v4.X --app-path C:/Users/bahariridwan/Test/Cyberon_Voice_Trigger_And_Command_Demo_on_CM4 --target-dir C:/Users/bahariridwan/mtw --user-app-name Voice_Command_X_I2S_Audio --use-modus-shell

Starting application creation for 'C:/Users/bahariridwan/mtw/Voice_Command_X_I2S_Audio'.
Acquiring the application source 'C:/Users/bahariridwan/Test/Cyberon_Voice_Trigger_And_Command_Demo_on_CM4'.
Copying C:/Users/bahariridwan/Test/Cyberon_Voice_Trigger_And_Command_Demo_on_CM4 to C:/Users/bahariridwan/mtw/Voice_Command_X_I2S_Audio.
Copied C:/Users/bahariridwan/Test/Cyberon_Voice_Trigger_And_Command_Demo_on_CM4 to C:/Users/bahariridwan/mtw/Voice_Command_X_I2S_Audio.
Acquired application source successfully.
Loading the application.
Loaded the application successfully.
Processing project 'Voice_Command_X_I2S_Audio'.
Starting to commit changes to the filesystem and project 'cyberon-voice-trigger-and-command-demo-psoc6-cm4'.
Writing mtb file for asset 'CY8CKIT-062S2-43012' to the folder 'C:/Users/bahariridwan/mtw/Voice_Command_X_I2S_Audio/deps'.
Starting: git -C C:/Users/bahariridwan/mtw/mtb_shared/audio-codec-wm8960 clone --origin cypress --no-checkout https://github.com/Infineon/audio-codec-wm8960 release-v1.0.0
Starting: git -C C:/Users/bahariridwan/mtw/Voice_Command_X_I2S_Audio/libs clone --origin cypress --no-checkout https://github.com/CyberonEBU/cyberon-dspotter-lib-psoc6-cm4 cyberon-dspotter-lib-psoc6-cm4
Starting: git -C C:/Users/bahariridwan/mtw/mtb_shared/retarget-io/release-v1.3.0 fetch --recurse-submodules=no --tags --force cypress --update-head-ok "refs/heads/*:refs/heads/*" --quiet
Starting: git -C C:/Users/bahariridwan/mtw/Voice_Command_X_I2S_Audio/libs clone --origin cypress --no-checkout https://github.com/cypresssemiconductorco/TARGET_CY8CKIT-062S2-43012 TARGET_CY8CKIT-062S2-43012
Cloning into 'cyberon-dspotter-lib-psoc6-cm4'...
Cloning into 'release-v1.0.0'...
Cloning into 'TARGET_CY8CKIT-062S2-43012'...
Success: git -C C:/Users/bahariridwan/mtw/Voice_Command_X_I2S_Audio/libs clone --origin cypress --no-checkout https://github.com/CyberonEBU/cyberon-dspotter-lib-psoc6-cm4 cyberon-dspotter-lib-psoc6-cm4
Starting: git -C C:/Users/bahariridwan/mtw/mtb_shared/cat1cm0p/release-v1.3.0 fetch --recurse-submodules=no --tags --force cypress --update-head-ok "refs/heads/*:refs/heads/*" --quiet
Success: git -C C:/Users/bahariridwan/mtw/mtb_shared/retarget-io/release-v1.3.0 fetch --recurse-submodules=no --tags --force cypress --update-head-ok "refs/heads/*:refs/heads/*" --quiet
Starting: git -C C:/Users/bahariridwan/mtw/mtb_shared/cmsis/release-v5.8.0 fetch --recurse-submodules=no --tags --force cypress --update-head-ok "refs/heads/*:refs/heads/*" --quiet
Success: git -C C:/Users/bahariridwan/mtw/mtb_shared/audio-codec-wm8960 clone --origin cypress --no-checkout https://github.com/Infineon/audio-codec-wm8960 release-v1.0.0
Starting: git -C C:/Users/bahariridwan/mtw/mtb_shared/core-lib/release-v1.4.1 fetch --recurse-submodules=no --tags --force cypress --update-head-ok "refs/heads/*:refs/heads/*" --quiet
Success: git -C C:/Users/bahariridwan/mtw/Voice_Command_X_I2S_Audio/libs clone --origin cypress --no-checkout https://github.com/cypresssemiconductorco/TARGET_CY8CKIT-062S2-43012 TARGET_CY8CKIT-062S2-43012
Starting: git -C C:/Users/bahariridwan/mtw/mtb_shared/core-make/release-v3.2.2 fetch --recurse-submodules=no --tags --force cypress --update-head-ok "refs/heads/*:refs/heads/*" --quiet
Success: git -C C:/Users/bahariridwan/mtw/mtb_shared/cmsis/release-v5.8.0 fetch --recurse-submodules=no --tags --force cypress --update-head-ok "refs/heads/*:refs/heads/*" --quiet
Starting: git -C C:/Users/bahariridwan/mtw/mtb_shared/mtb-hal-cat1/release-v2.5.4 fetch --recurse-submodules=no --tags --force cypress --update-head-ok "refs/heads/*:refs/heads/*" --quiet
Success: git -C C:/Users/bahariridwan/mtw/mtb_shared/cat1cm0p/release-v1.3.0 fetch --recurse-submodules=no --tags --force cypress --update-head-ok "refs/heads/*:refs/heads/*" --quiet
Starting: git -C C:/Users/bahariridwan/mtw/mtb_shared/mtb-pdl-cat1/release-v3.8.0 fetch --recurse-submodules=no --tags --force cypress --update-head-ok "refs/heads/*:refs/heads/*" --quiet
Success: git -C C:/Users/bahariridwan/mtw/mtb_shared/core-lib/release-v1.4.1 fetch --recurse-submodules=no --tags --force cypress --update-head-ok "refs/heads/*:refs/heads/*" --quiet
Starting: git -C C:/Users/bahariridwan/mtw/mtb_shared/recipe-make-cat1a/release-v2.1.2 fetch --recurse-submodules=no --tags --force cypress --update-head-ok "refs/heads/*:refs/heads/*" --quiet
Success: git -C C:/Users/bahariridwan/mtw/mtb_shared/core-make/release-v3.2.2 fetch --recurse-submodules=no --tags --force cypress --update-head-ok "refs/heads/*:refs/heads/*" --quiet
Starting: git -C C:/Users/bahariridwan/mtw/Voice_Command_X_I2S_Audio/libs/cyberon-dspotter-lib-psoc6-cm4 -c advice.detachedHead=false checkout release-v2.0 --force
Success: git -C C:/Users/bahariridwan/mtw/mtb_shared/mtb-hal-cat1/release-v2.5.4 fetch --recurse-submodules=no --tags --force cypress --update-head-ok "refs/heads/*:refs/heads/*" --quiet
Starting: git -C C:/Users/bahariridwan/mtw/mtb_shared/retarget-io/release-v1.3.0 -c advice.detachedHead=false checkout release-v1.3.0 --force
HEAD is now at b6e9002 Update header file and lib
Success: git -C C:/Users/bahariridwan/mtw/Voice_Command_X_I2S_Audio/libs/cyberon-dspotter-lib-psoc6-cm4 -c advice.detachedHead=false checkout release-v2.0 --force
Starting: git -C C:/Users/bahariridwan/mtw/mtb_shared/audio-codec-wm8960/release-v1.0.0 -c advice.detachedHead=false checkout release-v1.0.0 --force
Success: git -C C:/Users/bahariridwan/mtw/mtb_shared/recipe-make-cat1a/release-v2.1.2 fetch --recurse-submodules=no --tags --force cypress --update-head-ok "refs/heads/*:refs/heads/*" --quiet
Starting: git -C C:/Users/bahariridwan/mtw/Voice_Command_X_I2S_Audio/libs/TARGET_CY8CKIT-062S2-43012 -c advice.detachedHead=false checkout release-v4.2.0 --force
HEAD is now at a61cd7c Upload retarget-io 1.3.0.25183
Success: git -C C:/Users/bahariridwan/mtw/mtb_shared/retarget-io/release-v1.3.0 -c advice.detachedHead=false checkout release-v1.3.0 --force
Starting: git -C C:/Users/bahariridwan/mtw/mtb_shared/cmsis/release-v5.8.0 -c advice.detachedHead=false checkout release-v5.8.0 --force
Success: git -C C:/Users/bahariridwan/mtw/mtb_shared/mtb-pdl-cat1/release-v3.8.0 fetch --recurse-submodules=no --tags --force cypress --update-head-ok "refs/heads/*:refs/heads/*" --quiet
Starting: git -C C:/Users/bahariridwan/mtw/mtb_shared/cat1cm0p/release-v1.3.0 -c advice.detachedHead=false checkout release-v1.3.0 --force
HEAD is now at f0fd20c Upload audio-codec-wm8960 1.0.0.23328
Success: git -C C:/Users/bahariridwan/mtw/mtb_shared/audio-codec-wm8960/release-v1.0.0 -c advice.detachedHead=false checkout release-v1.0.0 --force
Starting: git -C C:/Users/bahariridwan/mtw/mtb_shared/core-lib/release-v1.4.1 -c advice.detachedHead=false checkout release-v1.4.1 --force
HEAD is now at a085cc6 Upload TARGET_CY8CKIT-062S2-43012 [1515]
Success: git -C C:/Users/bahariridwan/mtw/Voice_Command_X_I2S_Audio/libs/TARGET_CY8CKIT-062S2-43012 -c advice.detachedHead=false checkout release-v4.2.0 --force
Starting: git -C C:/Users/bahariridwan/mtw/mtb_shared/core-make/release-v3.2.2 -c advice.detachedHead=false checkout release-v3.2.2 --force
HEAD is now at 68c7f15 Upload cat1cm0p 1.3.0.366 [1976]
Success: git -C C:/Users/bahariridwan/mtw/mtb_shared/cat1cm0p/release-v1.3.0 -c advice.detachedHead=false checkout release-v1.3.0 --force
Starting: git -C C:/Users/bahariridwan/mtw/mtb_shared/mtb-hal-cat1/release-v2.5.4 -c advice.detachedHead=false checkout release-v2.5.4 --force
HEAD is now at a74be8b Upload core-lib [1796]
Success: git -C C:/Users/bahariridwan/mtw/mtb_shared/core-lib/release-v1.4.1 -c advice.detachedHead=false checkout release-v1.4.1 --force
Starting: git -C C:/Users/bahariridwan/mtw/mtb_shared/recipe-make-cat1a/release-v2.1.2 -c advice.detachedHead=false checkout release-v2.1.2 --force
HEAD is now at b962a1e Upload core-make 3.2.2.4739 [1647]
Success: git -C C:/Users/bahariridwan/mtw/mtb_shared/core-make/release-v3.2.2 -c advice.detachedHead=false checkout release-v3.2.2 --force
Starting: git -C C:/Users/bahariridwan/mtw/mtb_shared/mtb-pdl-cat1/release-v3.8.0 -c advice.detachedHead=false checkout release-v3.8.0 --force
HEAD is now at ce02f64 Upload cmsis 5.8.0.50
Success: git -C C:/Users/bahariridwan/mtw/mtb_shared/cmsis/release-v5.8.0 -c advice.detachedHead=false checkout release-v5.8.0 --force
HEAD is now at 0446103 Upload recipe-make-cat1a 2.1.2.4871 [1976]
Success: git -C C:/Users/bahariridwan/mtw/mtb_shared/recipe-make-cat1a/release-v2.1.2 -c advice.detachedHead=false checkout release-v2.1.2 --force
HEAD is now at 4090e1a Upload mtb-hal-cat1 [1976]
Success: git -C C:/Users/bahariridwan/mtw/mtb_shared/mtb-hal-cat1/release-v2.5.4 -c advice.detachedHead=false checkout release-v2.5.4 --force
HEAD is now at 71f964c Upload mtb-pdl-cat1 3.8.0.28624 [1976]
Success: git -C C:/Users/bahariridwan/mtw/mtb_shared/mtb-pdl-cat1/release-v3.8.0 -c advice.detachedHead=false checkout release-v3.8.0 --force
Requested to change the active target to 'APP_CY8CKIT-062S2-43012'.
Removed the file 'C:/Users/bahariridwan/mtw/Voice_Command_X_I2S_Audio/deps/TARGET_CY8CKIT-062S2-43012.mtb'.
Writing the file 'C:/Users/bahariridwan/mtw/Voice_Command_X_I2S_Audio/libs/app.mk'.
Successfully committed changes to the project 'cyberon-voice-trigger-and-command-demo-psoc6-cm4'.
Project "Voice_Command_X_I2S_Audio" created successfully.
Successfully created "Voice_Command_X_I2S_Audio" application.
==============================================================================
= Export "Voice_Command_X_I2S_Audio" application to Eclipse IDE for ModusToolbox™ =
==============================================================================
make eclipse CY_IDE_PRJNAME=Voice_Command_X_I2S_Audio CY_MAKE_IDE=eclipse CY_MAKE_IDE_VERSION=3.1 CY_TOOLS_PATHS=C:/Users/bahariridwan/ModusToolbox/tools_3.1 MTB_MAKE_ECLIPSE_FORCE_REGENERATE_PROJECT=1
Tools Directory: C:/Users/bahariridwan/ModusToolbox/tools_3.1
Removing .mtbqueryapi file...
Searching installed tools in progress...
Searching installed tools complete
Initializing build: cyberon-voice-trigger-and-command-demo-psoc6-cm4 Debug APP_CY8CKIT-062S2-43012 GCC_ARM
Prebuild operations complete
Auto-discovery in progress...
Auto-discovery complete
Commencing build operations...
Tools Directory: C:/Users/bahariridwan/ModusToolbox/tools_3.1
Constructing build rules...
Build rules construction complete
==============================================================================
= Building application =
==============================================================================
Generating compilation database file...
-> ./build/compile_commands.json
Compilation database file generation complete
Generated C:/Users/bahariridwan/mtw/Voice_Command_X_I2S_Audio/.cproject
Generated C:/Users/bahariridwan/mtw/Voice_Command_X_I2S_Audio/.project
Generated C:/Users/bahariridwan/mtw/Voice_Command_X_I2S_Audio/.mtbLaunchConfigs/Voice_Command_X_I2S_Audio Attach (KitProg3_MiniProg4).launch
Generated C:/Users/bahariridwan/mtw/Voice_Command_X_I2S_Audio/.mtbLaunchConfigs/Voice_Command_X_I2S_Audio Debug (KitProg3_MiniProg4).launch
Generated C:/Users/bahariridwan/mtw/Voice_Command_X_I2S_Audio/.mtbLaunchConfigs/Voice_Command_X_I2S_Audio Erase (KitProg3_MiniProg4).launch
Generated C:/Users/bahariridwan/mtw/Voice_Command_X_I2S_Audio/.mtbLaunchConfigs/Voice_Command_X_I2S_Audio Program (KitProg3_MiniProg4).launch
Instructions:
1. Open Eclipse IDE for ModusToolbox
2. Select 'Import Existing Application In-Place' from the QuickPanel
3. Browse to the application root directory
The application "Voice_Command_X_I2S_Audio" was successfully exported to Eclipse IDE for ModusToolbox™.
0 error(s), 0 warning(s)

Summary:

Successfully created and exported "Voice_Command_X_I2S_Audio" application.
