16:34:48 **** Incremental Build of configuration Debug for project UART_PDL_HAL ****
"C:\\Users\\bahariridwan\\ModusToolbox\\tools_3.1\\modus-shell\\bin\\make" CY_MAKE_IDE=eclipse CY_IDE_TOOLS_DIR=C:/Users/bahariridwan/ModusToolbox/tools_3.1 CY_IDE_BT_TOOLS_DIR= --output-sync -j8 all 
Tools Directory: C:/Users/bahariridwan/ModusToolbox/tools_3.1
Removing .mtbqueryapi file...
Searching installed tools in progress...
Searching installed tools complete


Initializing build: mtb-example-empty-app Debug APP_CY8CPROTO-063-BLE GCC_ARM

Prebuild operations complete

Auto-discovery in progress...
Auto-discovery complete
Commencing build operations...

Tools Directory: C:/Users/bahariridwan/ModusToolbox/tools_3.1

Constructing build rules...
Build rules construction complete

==============================================================================
= Building application =
==============================================================================
Generating compilation database file...
-> ./build/compile_commands.json
Compilation database file generation complete
Building 201 file(s)
==============================================================================
= Build complete =
==============================================================================

Calculating memory consumption: CYBLE-416045-02-device GCC_ARM

   ---------------------------------------------------- 
  | Section Name         |  Address      |  Size       | 
   ---------------------------------------------------- 
  | .cy_m0p_image        |  0x10000000   |  111164     | 
  | .text                |  0x10020000   |  40728      | 
  | .ARM.exidx           |  0x10029f18   |  8          | 
  | .copy.table          |  0x10029f20   |  24         | 
  | .zero.table          |  0x10029f38   |  8          | 
  | .data                |  0x0800328c   |  1572       | 
  | .cy_sharedmem        |  0x080038b0   |  12         | 
  | .noinit              |  0x080038c0   |  236        | 
  | .bss                 |  0x080039ac   |  1704       | 
  | .heap                |  0x08004058   |  272296     | 
   ---------------------------------------------------- 

  Total Internal Flash (Available)          1048576    
  Total Internal Flash (Utilized)           173432     



16:35:00 Build Finished. 0 errors, 0 warnings. (took 11s.865ms)

